<?xml version="1.0" encoding="UTF-8"?>
<testng-results ignored="0" total="1" passed="1" failed="0" skipped="0">
  <reporter-output>
  </reporter-output>
  <suite started-at="2025-12-13T13:32:25 EET" name="Register Suite" finished-at="2025-12-13T13:33:04 EET" duration-ms="39218">
    <groups>
    </groups>
    <test started-at="2025-12-13T13:32:25 EET" name="Register User" finished-at="2025-12-13T13:33:04 EET" duration-ms="39218">
      <class name="Tests.TC01_RegisterUser">
        <test-method is-config="true" signature="setup()[pri:0, instance:Tests.TC01_RegisterUser@6bd16207]" started-at="2025-12-13T13:32:25 EET" name="setup" finished-at="2025-12-13T13:32:54 EET" duration-ms="29289" status="PASS">
          <reporter-output>
          </reporter-output>
        </test-method> <!-- setup -->
        <test-method signature="registerUser()[pri:0, instance:Tests.TC01_RegisterUser@6bd16207]" started-at="2025-12-13T13:32:54 EET" name="registerUser" description="Test Case 1: Register User" finished-at="2025-12-13T13:33:03 EET" duration-ms="8605" status="PASS">
          <reporter-output>
          </reporter-output>
        </test-method> <!-- registerUser -->
        <test-method is-config="true" signature="quit()[pri:0, instance:Tests.TC01_RegisterUser@6bd16207]" started-at="2025-12-13T13:33:03 EET" name="quit" finished-at="2025-12-13T13:33:04 EET" duration-ms="1059" status="PASS">
          <reporter-output>
          </reporter-output>
        </test-method> <!-- quit -->
      </class> <!-- Tests.TC01_RegisterUser -->
    </test> <!-- Register User -->
  </suite> <!-- Register Suite -->
</testng-results>
