<?xml version="1.0" encoding="UTF-8"?>
<testsuite xmlns:xsi="http://www.w3.org/2001/XMLSchema-instance" xsi:noNamespaceSchemaLocation="https://maven.apache.org/surefire/maven-surefire-plugin/xsd/surefire-test-report-3.0.xsd" version="3.0" name="TestSuite" time="40.649" tests="1" errors="0" skipped="0" failures="0">
  <properties>
[...]
</properties>
  <testcase name="registerUser" classname="Tests.TC01_RegisterUser" time="8.628">
    <system-out><![CDATA[[INFO] 13-12-2025 13:32:31 [main] [Tests.TC01_RegisterUser.setup(TC01_RegisterUser.java:45)]  - Edge driver is opened
[INFO] 13-12-2025 13:32:54 [main] [Tests.TC01_RegisterUser.setup(TC01_RegisterUser.java:47)]  - Page is redirected to the URL
[INFO] 13-12-2025 13:32:54 [main] [Listeners.ITestResultListenerClass.onTestStart(ITestResultListenerClass.java:10)]  - Test Case registerUser started
[INFO] 13-12-2025 13:32:54 [main] [Tests.TC01_RegisterUser.registerUser(TC01_RegisterUser.java:75)]  - Home page is opened
[INFO] 13-12-2025 13:32:55 [main] [Tests.TC01_RegisterUser.registerUser(TC01_RegisterUser.java:79)]  - Signup / Login button is clicked
[INFO] 13-12-2025 13:32:55 [main] [Tests.TC01_RegisterUser.registerUser(TC01_RegisterUser.java:81)]  - page 'New User Signup!' is visible
[INFO] 13-12-2025 13:32:57 [main] [Tests.TC01_RegisterUser.registerUser(TC01_RegisterUser.java:88)]  - Verify that 'ENTER ACCOUNT INFORMATION' is visible
[INFO] 13-12-2025 13:33:01 [main] [Tests.TC01_RegisterUser.registerUser(TC01_RegisterUser.java:94)]  - Verify that 'ACCOUNT CREATED!' is visible
[INFO] 13-12-2025 13:33:01 [main] [Tests.TC01_RegisterUser.registerUser(TC01_RegisterUser.java:98)]  - Verify that 'Logged in as username' is visible
[INFO] 13-12-2025 13:33:02 [main] [Tests.TC01_RegisterUser.registerUser(TC01_RegisterUser.java:102)]  - Verify that 'ACCOUNT DELETED!' is visible
[INFO] 13-12-2025 13:33:03 [main] [Tests.TC01_RegisterUser.registerUser(TC01_RegisterUser.java:105)]  - 'continue' button is clicked and the website is returned to the home page
]]></system-out>
  </testcase>
</testsuite>